{"level":"info","message":"Database connection successful","service":"auth-service","timestamp":"2026-07-16 15:12:58"}
{"level":"info","message":"Auth service is running on port 5001","service":"auth-service","timestamp":"2026-07-16 15:12:58"}
{"level":"info","message":"http://localhost:5001","service":"auth-service","timestamp":"2026-07-16 15:12:58"}
{"level":"info","message":"Database connection successful","service":"auth-service","timestamp":"2026-07-16 15:56:52"}
{"level":"info","message":"Auth service is running on port 5001","service":"auth-service","timestamp":"2026-07-16 15:56:52"}
{"level":"info","message":"http://localhost:5001","service":"auth-service","timestamp":"2026-07-16 15:56:52"}
{"level":"info","message":"Database connection successful","service":"auth-service","timestamp":"2026-07-17 23:13:44"}
{"level":"info","message":"Auth service is running on port 5001","service":"auth-service","timestamp":"2026-07-17 23:13:44"}
{"level":"info","message":"http://localhost:5001","service":"auth-service","timestamp":"2026-07-17 23:13:44"}
{"email":"john.doe@example.com","error":"Error sending email: Invalid `to` field. Please use our testing email address instead of domains like `example.com`. See our documentation for more information.","level":"error","message":"Error creating user","service":"auth-service","timestamp":"2026-07-17 23:18:08"}
{"email":"faldusmith@gmail.com","level":"error","message":"Error creating user","service":"auth-service","timestamp":"2026-07-17 23:18:46"}
{"email":"faldusmith@gmail.com","level":"info","service":"auth-service","timestamp":"2026-07-17 23:20:34","userId":11}
{"error":"Invalid or expired verification token","level":"error","message":"Error verifying email","service":"auth-service","timestamp":"2026-07-17 23:20:59"}
{"level":"info","message":"Email verified successfully","service":"auth-service","timestamp":"2026-07-17 23:21:26","userId":11}
{"level":"warn","message":"Failed login attempt - invalid password","service":"auth-service","timestamp":"2026-07-17 23:21:44","userId":11}
{"email":"faldusmith@gmail.com","error":"Invalid email or password","level":"error","message":"Error logging in","service":"auth-service","timestamp":"2026-07-17 23:21:44"}
{"level":"info","message":"Login successful","service":"auth-service","timestamp":"2026-07-17 23:21:49","userId":11}
{"level":"info","message":"Profile fetched successfully","service":"auth-service","timestamp":"2026-07-17 23:22:34","userId":11}
{"email":"faldusmith@gmail.com","level":"info","service":"auth-service","timestamp":"2026-07-17 23:23:02"}
{"error":"Invalid or expired reset token","level":"error","message":"Error resetting password","service":"auth-service","timestamp":"2026-07-17 23:23:24"}
{"email":"faldusmith@gmail.com","level":"info","service":"auth-service","timestamp":"2026-07-17 23:25:20"}
{"error":"Invalid or expired reset token","level":"error","message":"Error resetting password","service":"auth-service","timestamp":"2026-07-17 23:25:49"}
{"level":"info","message":"Database connection successful","service":"auth-service","timestamp":"2026-07-17 23:28:29"}
{"level":"info","message":"Auth service is running on port 5001","service":"auth-service","timestamp":"2026-07-17 23:28:29"}
{"level":"info","message":"http://localhost:5001","service":"auth-service","timestamp":"2026-07-17 23:28:29"}
{"error":"","level":"error","message":"Error connecting to the database:","service":"auth-service","timestamp":"2026-07-18 11:43:50"}
{"level":"info","message":"Database connection successful","service":"auth-service","timestamp":"2026-07-18 11:50:26"}
{"level":"info","message":"Auth service is running on port 5001","service":"auth-service","timestamp":"2026-07-18 11:50:26"}
{"level":"info","message":"http://localhost:5001","service":"auth-service","timestamp":"2026-07-18 11:50:26"}
{"level":"info","message":"Database connection successful","service":"auth-service","timestamp":"2026-07-18 11:50:56"}
{"level":"info","message":"Auth service is running on port 5001","service":"auth-service","timestamp":"2026-07-18 11:50:56"}
{"level":"info","message":"http://localhost:5001","service":"auth-service","timestamp":"2026-07-18 11:50:56"}
{"level":"info","message":"Database connection successful","service":"auth-service","timestamp":"2026-07-18 11:50:57"}
{"level":"info","message":"Auth service is running on port 5001","service":"auth-service","timestamp":"2026-07-18 11:50:57"}
{"level":"info","message":"http://localhost:5001","service":"auth-service","timestamp":"2026-07-18 11:50:57"}
{"level":"info","message":"Database connection successful","service":"auth-service","timestamp":"2026-07-18 11:50:58"}
{"level":"info","message":"Auth service is running on port 5001","service":"auth-service","timestamp":"2026-07-18 11:50:58"}
{"level":"info","message":"http://localhost:5001","service":"auth-service","timestamp":"2026-07-18 11:50:58"}
{"level":"info","message":"Database connection successful","service":"auth-service","timestamp":"2026-07-18 11:51:41"}
{"level":"info","message":"Auth service is running on port 5001","service":"auth-service","timestamp":"2026-07-18 11:51:41"}
{"level":"info","message":"http://localhost:5001","service":"auth-service","timestamp":"2026-07-18 11:51:41"}
{"level":"info","message":"Database connection successful","service":"auth-service","timestamp":"2026-07-18 11:51:42"}
{"level":"info","message":"Auth service is running on port 5001","service":"auth-service","timestamp":"2026-07-18 11:51:42"}
{"level":"info","message":"http://localhost:5001","service":"auth-service","timestamp":"2026-07-18 11:51:42"}
{"level":"info","message":"Database connection successful","service":"auth-service","timestamp":"2026-07-18 11:51:44"}
{"level":"info","message":"Auth service is running on port 5001","service":"auth-service","timestamp":"2026-07-18 11:51:44"}
{"level":"info","message":"http://localhost:5001","service":"auth-service","timestamp":"2026-07-18 11:51:44"}
